2023-08-06 05:07:56.954460 - Initialized conversion of CBT542
2023-08-06 05:07:57.486105 - Received SBGOLOB.CBT506.FILE542 from FILE542.XMI 
2023-08-06 05:07:57.488493 - Found $$$#DATE.txt (text/plain) in SBGOLOB.CBT506.FILE542, moved to FILE542/$$$#DATE
2023-08-06 05:07:57.489583 - Found $$$INDEX.txt (text/plain) in SBGOLOB.CBT506.FILE542, moved to FILE542/$$$INDEX
2023-08-06 05:07:57.490578 - Found $$$NOTE.txt (text/plain) in SBGOLOB.CBT506.FILE542, moved to FILE542/$$$NOTE
2023-08-06 05:07:57.491514 - Found $$NOTE01.txt (text/plain) in SBGOLOB.CBT506.FILE542, moved to FILE542/$$NOTE01
2023-08-06 05:07:57.492444 - Found $$NOTE02.txt (text/plain) in SBGOLOB.CBT506.FILE542, moved to FILE542/$$NOTE02
2023-08-06 05:07:57.493345 - Found $$NOTE03.txt (text/plain) in SBGOLOB.CBT506.FILE542, moved to FILE542/$$NOTE03
2023-08-06 05:07:57.494316 - Found $$NOTE04.txt (text/plain) in SBGOLOB.CBT506.FILE542, moved to FILE542/$$NOTE04
2023-08-06 05:07:57.495212 - Found $$NOTE05.txt (text/plain) in SBGOLOB.CBT506.FILE542, moved to FILE542/$$NOTE05
2023-08-06 05:07:57.496053 - Found $$NOTE06.txt (text/plain) in SBGOLOB.CBT506.FILE542, moved to FILE542/$$NOTE06
2023-08-06 05:07:57.497016 - Found $$NOTE07.txt (text/plain) in SBGOLOB.CBT506.FILE542, moved to FILE542/$$NOTE07
2023-08-06 05:07:57.497973 - Found $$README.txt (text/plain) in SBGOLOB.CBT506.FILE542, moved to FILE542/$$README
2023-08-06 05:07:57.498875 - Found $SWABOVE.txt (text/plain) in SBGOLOB.CBT506.FILE542, moved to FILE542/$SWABOVE
2023-08-06 05:07:57.499716 - Found #DELDUP.rexx (text/plain) in SBGOLOB.CBT506.FILE542, moved to FILE542/#DELDUP
2023-08-06 05:07:57.500594 - Found #DELNDUP.rexx (text/plain) in SBGOLOB.CBT506.FILE542, moved to FILE542/#DELNDUP
2023-08-06 05:07:57.501606 - Found @FILE542.txt (text/plain) in SBGOLOB.CBT506.FILE542, moved to FILE542/@FILE542
2023-08-06 05:07:57.502636 - Found ALICOUN$.jcl (text/plain) in SBGOLOB.CBT506.FILE542, moved to FILE542/ALICOUN$
2023-08-06 05:07:57.503671 - Found ALICOUNT.rexx (text/plain) in SBGOLOB.CBT506.FILE542, moved to FILE542/ALICOUNT
2023-08-06 05:07:57.504646 - Found ALIMAKE.rexx (text/plain) in SBGOLOB.CBT506.FILE542, moved to FILE542/ALIMAKE
2023-08-06 05:07:57.505591 - Found ALIMAKE$.jcl (text/plain) in SBGOLOB.CBT506.FILE542, moved to FILE542/ALIMAKE$
2023-08-06 05:07:57.506491 - Found BODGECAT.rexx (text/plain) in SBGOLOB.CBT506.FILE542, moved to FILE542/BODGECAT
2023-08-06 05:07:57.507526 - Found CSICODE.rexx (text/plain) in SBGOLOB.CBT506.FILE542, moved to FILE542/CSICODE
2023-08-06 05:07:57.508412 - Found CSICODE$.jcl (text/plain) in SBGOLOB.CBT506.FILE542, moved to FILE542/CSICODE$
2023-08-06 05:07:57.509356 - Found CSICODEO.rexx (text/plain) in SBGOLOB.CBT506.FILE542, moved to FILE542/CSICODEO
2023-08-06 05:07:57.510420 - Found CSICODEV.rexx (text/plain) in SBGOLOB.CBT506.FILE542, moved to FILE542/CSICODEV
2023-08-06 05:07:57.511381 - Found CSITAPE$.jcl (text/plain) in SBGOLOB.CBT506.FILE542, moved to FILE542/CSITAPE$
2023-08-06 05:07:57.512357 - Found CSITAPES.rexx (text/plain) in SBGOLOB.CBT506.FILE542, moved to FILE542/CSITAPES
2023-08-06 05:07:57.513281 - Found DDSCAN.rexx (text/plain) in SBGOLOB.CBT506.FILE542, moved to FILE542/DDSCAN
2023-08-06 05:07:57.514166 - Found DEFINES.rexx (text/plain) in SBGOLOB.CBT506.FILE542, moved to FILE542/DEFINES
2023-08-06 05:07:57.515068 - Found DEFINE01.jcl (text/plain) in SBGOLOB.CBT506.FILE542, moved to FILE542/DEFINE01
2023-08-06 05:07:57.515917 - Found HFSSTAT.rexx (text/plain) in SBGOLOB.CBT506.FILE542, moved to FILE542/HFSSTAT
2023-08-06 05:07:57.516753 - Found IVPJOB.jcl (text/plain) in SBGOLOB.CBT506.FILE542, moved to FILE542/IVPJOB
2023-08-06 05:07:57.517690 - Found IVPOUTPT.txt (text/plain) in SBGOLOB.CBT506.FILE542, moved to FILE542/IVPOUTPT
2023-08-06 05:07:57.518616 - Found MAKEINDX.rexx (text/plain) in SBGOLOB.CBT506.FILE542, moved to FILE542/MAKEINDX
2023-08-06 05:07:57.519609 - Found RCNVTCA$.jcl (text/plain) in SBGOLOB.CBT506.FILE542, moved to FILE542/RCNVTCA$
2023-08-06 05:07:57.520609 - Found RCNVTCAT.rexx (text/plain) in SBGOLOB.CBT506.FILE542, moved to FILE542/RCNVTCAT
2023-08-06 05:07:57.521668 - Found RCNVTC00.rexx (text/plain) in SBGOLOB.CBT506.FILE542, moved to FILE542/RCNVTC00
2023-08-06 05:07:57.522682 - Found RCNVTC01.rexx (text/plain) in SBGOLOB.CBT506.FILE542, moved to FILE542/RCNVTC01
2023-08-06 05:07:57.523654 - Found RDA.rexx (text/plain) in SBGOLOB.CBT506.FILE542, moved to FILE542/RDA
2023-08-06 05:07:57.524582 - Found RINIT.rexx (text/plain) in SBGOLOB.CBT506.FILE542, moved to FILE542/RINIT
2023-08-06 05:07:57.525623 - Found SCNVTCAT.rexx (text/plain) in SBGOLOB.CBT506.FILE542, moved to FILE542/SCNVTCAT
2023-08-06 05:07:57.526661 - Found SPACE.rexx (text/plain) in SBGOLOB.CBT506.FILE542, moved to FILE542/SPACE
2023-08-06 05:07:57.527761 - Found SPACENEW.rexx (text/plain) in SBGOLOB.CBT506.FILE542, moved to FILE542/SPACENEW
2023-08-06 05:07:57.528788 - Found SPACEZ23.rexx (text/plain) in SBGOLOB.CBT506.FILE542, moved to FILE542/SPACEZ23
2023-08-06 05:07:57.529711 - Found SWAREQ22.rexx (text/plain) in SBGOLOB.CBT506.FILE542, moved to FILE542/SWAREQ22
2023-08-06 05:07:57.530707 - Found SYSINF.rexx (text/plain) in SBGOLOB.CBT506.FILE542, moved to FILE542/SYSINF
2023-08-06 05:07:57.531642 - Found TABLSTAT.rexx (text/plain) in SBGOLOB.CBT506.FILE542, moved to FILE542/TABLSTAT
